TN:
SF:src/components/counter-element.js
FN:12,<static_initializer>
FN:61,CounterElement
FN:68,increment
FN:79,reset
FN:88,render
FNF:5
FNH:5
FNDA:2,<static_initializer>
FNDA:15,CounterElement
FNDA:7,increment
FNDA:2,reset
FNDA:26,render
DA:1,2
DA:2,2
DA:3,2
DA:4,2
DA:5,2
DA:6,2
DA:7,2
DA:8,2
DA:9,2
DA:10,2
DA:11,2
DA:12,2
DA:13,2
DA:14,2
DA:15,2
DA:16,2
DA:17,2
DA:18,2
DA:19,2
DA:20,2
DA:21,2
DA:22,2
DA:23,2
DA:24,2
DA:25,2
DA:26,2
DA:27,2
DA:28,2
DA:29,2
DA:30,2
DA:31,2
DA:32,2
DA:33,2
DA:34,2
DA:35,2
DA:36,2
DA:37,2
DA:38,2
DA:39,2
DA:40,2
DA:41,2
DA:42,2
DA:43,2
DA:44,2
DA:45,2
DA:46,2
DA:47,2
DA:48,2
DA:49,2
DA:50,2
DA:51,2
DA:52,2
DA:53,2
DA:54,2
DA:55,2
DA:56,2
DA:57,2
DA:58,2
DA:59,2
DA:60,2
DA:61,2
DA:62,15
DA:63,15
DA:64,15
DA:65,15
DA:66,15
DA:67,2
DA:68,2
DA:69,7
DA:70,6
DA:71,6
DA:72,6
DA:73,6
DA:74,6
DA:75,6
DA:76,6
DA:77,7
DA:78,2
DA:79,2
DA:80,2
DA:81,2
DA:82,2
DA:83,2
DA:84,2
DA:85,2
DA:86,2
DA:87,2
DA:88,2
DA:89,26
DA:90,26
DA:91,26
DA:92,26
DA:93,26
DA:94,26
DA:95,26
DA:96,26
DA:97,26
DA:98,26
DA:99,26
DA:100,26
DA:101,26
DA:102,26
DA:103,26
DA:104,26
DA:105,26
DA:106,26
DA:107,26
DA:108,26
DA:109,26
DA:110,26
DA:111,26
DA:112,26
DA:113,26
DA:114,26
DA:115,26
DA:116,26
DA:117,26
DA:118,26
DA:119,26
DA:120,26
DA:121,2
DA:122,2
DA:123,2
LF:123
LH:123
BRDA:1,0,0,2
BRDA:12,1,0,2
BRDA:61,2,0,15
BRDA:68,3,0,7
BRDA:69,4,0,6
BRDA:79,5,0,2
BRDA:88,6,0,26
BRDA:110,7,0,3
BRDA:110,8,0,23
BRF:9
BRH:9
end_of_record
TN:
SF:src/components/todo-list.js
FN:11,<static_initializer>
FN:134,TodoList
FN:149,addTodo
FN:174,toggleTodo
FN:192,removeTodo
FN:209,setFilter
FN:217,get filteredTodos
FN:233,loadTodos
FN:253,render
FN:325,handleSubmit
FN:238,todos.id
FNF:11
FNH:11
FNDA:2,<static_initializer>
FNDA:20,TodoList
FNDA:20,addTodo
FNDA:6,toggleTodo
FNDA:4,removeTodo
FNDA:3,setFilter
FNDA:67,get filteredTodos
FNDA:1,loadTodos
FNDA:44,render
FNDA:3,handleSubmit
FNDA:1,todos.id
DA:1,2
DA:2,2
DA:3,2
DA:4,2
DA:5,2
DA:6,2
DA:7,2
DA:8,2
DA:9,2
DA:10,2
DA:11,2
DA:12,2
DA:13,2
DA:14,2
DA:15,2
DA:16,2
DA:17,2
DA:18,2
DA:19,2
DA:20,2
DA:21,2
DA:22,2
DA:23,2
DA:24,2
DA:25,2
DA:26,2
DA:27,2
DA:28,2
DA:29,2
DA:30,2
DA:31,2
DA:32,2
DA:33,2
DA:34,2
DA:35,2
DA:36,2
DA:37,2
DA:38,2
DA:39,2
DA:40,2
DA:41,2
DA:42,2
DA:43,2
DA:44,2
DA:45,2
DA:46,2
DA:47,2
DA:48,2
DA:49,2
DA:50,2
DA:51,2
DA:52,2
DA:53,2
DA:54,2
DA:55,2
DA:56,2
DA:57,2
DA:58,2
DA:59,2
DA:60,2
DA:61,2
DA:62,2
DA:63,2
DA:64,2
DA:65,2
DA:66,2
DA:67,2
DA:68,2
DA:69,2
DA:70,2
DA:71,2
DA:72,2
DA:73,2
DA:74,2
DA:75,2
DA:76,2
DA:77,2
DA:78,2
DA:79,2
DA:80,2
DA:81,2
DA:82,2
DA:83,2
DA:84,2
DA:85,2
DA:86,2
DA:87,2
DA:88,2
DA:89,2
DA:90,2
DA:91,2
DA:92,2
DA:93,2
DA:94,2
DA:95,2
DA:96,2
DA:97,2
DA:98,2
DA:99,2
DA:100,2
DA:101,2
DA:102,2
DA:103,2
DA:104,2
DA:105,2
DA:106,2
DA:107,2
DA:108,2
DA:109,2
DA:110,2
DA:111,2
DA:112,2
DA:113,2
DA:114,2
DA:115,2
DA:116,2
DA:117,2
DA:118,2
DA:119,2
DA:120,2
DA:121,2
DA:122,2
DA:123,2
DA:124,2
DA:125,2
DA:126,2
DA:127,2
DA:128,2
DA:129,2
DA:130,2
DA:131,2
DA:132,2
DA:133,2
DA:134,2
DA:135,20
DA:136,20
DA:137,20
DA:138,20
DA:139,20
DA:140,2
DA:141,2
DA:142,2
DA:143,2
DA:144,2
DA:145,2
DA:146,2
DA:147,2
DA:148,2
DA:149,2
DA:150,20
DA:151,19
DA:152,19
DA:153,19
DA:154,19
DA:155,19
DA:156,19
DA:157,19
DA:158,19
DA:159,19
DA:160,19
DA:161,19
DA:162,19
DA:163,19
DA:164,19
DA:165,19
DA:166,19
DA:167,19
DA:168,20
DA:169,2
DA:170,2
DA:171,2
DA:172,2
DA:173,2
DA:174,2
DA:175,6
DA:176,6
DA:177,6
DA:178,6
DA:179,6
DA:180,6
DA:181,6
DA:182,6
DA:183,6
DA:184,6
DA:185,6
DA:186,6
DA:187,2
DA:188,2
DA:189,2
DA:190,2
DA:191,2
DA:192,2
DA:193,4
DA:194,4
DA:195,4
DA:196,4
DA:197,4
DA:198,4
DA:199,4
DA:200,4
DA:201,4
DA:202,4
DA:203,4
DA:204,2
DA:205,2
DA:206,2
DA:207,2
DA:208,2
DA:209,2
DA:210,3
DA:211,3
DA:212,2
DA:213,2
DA:214,2
DA:215,2
DA:216,2
DA:217,2
DA:218,67
DA:219,67
DA:220,7
DA:221,67
DA:222,2
DA:223,67
DA:224,67
DA:225,58
DA:226,67
DA:227,67
DA:228,2
DA:229,2
DA:230,2
DA:231,2
DA:232,2
DA:233,2
DA:234,1
DA:235,1
DA:236,1
DA:237,1
DA:238,1
DA:239,1
DA:240,1
DA:241,1
DA:242,1
DA:243,1
DA:244,1
DA:245,1
DA:246,1
DA:247,1
DA:248,1
DA:249,1
DA:250,1
DA:251,1
DA:252,2
DA:253,2
DA:254,44
DA:255,44
DA:256,44
DA:257,44
DA:258,44
DA:259,44
DA:260,44
DA:261,44
DA:262,44
DA:263,44
DA:264,44
DA:265,44
DA:266,44
DA:267,44
DA:268,44
DA:269,44
DA:270,44
DA:271,44
DA:272,44
DA:273,44
DA:274,44
DA:275,44
DA:276,44
DA:277,44
DA:278,44
DA:279,44
DA:280,44
DA:281,44
DA:282,44
DA:283,44
DA:284,44
DA:285,44
DA:286,44
DA:287,44
DA:288,44
DA:289,44
DA:290,44
DA:291,44
DA:292,44
DA:293,44
DA:294,42
DA:295,42
DA:296,42
DA:297,19
DA:298,19
DA:299,19
DA:300,24
DA:301,24
DA:302,24
DA:303,24
DA:304,24
DA:305,24
DA:306,24
DA:307,24
DA:308,24
DA:309,24
DA:310,24
DA:311,24
DA:312,24
DA:313,24
DA:314,19
DA:315,19
DA:316,42
DA:317,23
DA:318,42
DA:319,42
DA:320,44
DA:321,44
DA:322,44
DA:323,44
DA:324,2
DA:325,2
DA:326,3
DA:327,3
DA:328,3
DA:329,3
DA:330,3
DA:331,3
DA:332,3
DA:333,2
DA:334,2
DA:335,2
LF:335
LH:335
BRDA:1,0,0,2
BRDA:11,1,0,2
BRDA:134,2,0,20
BRDA:149,3,0,20
BRDA:150,4,0,1
BRDA:192,5,0,4
BRDA:194,6,0,0
BRDA:193,7,0,4
BRDA:196,8,0,6
BRDA:217,9,0,67
BRDA:219,10,0,7
BRDA:221,11,0,2
BRDA:253,12,0,44
BRDA:272,13,0,2
BRDA:278,14,0,2
BRDA:284,15,0,0
BRDA:292,16,0,2
BRDA:296,17,0,19
BRDA:316,18,0,23
BRDA:299,19,0,24
BRDA:306,20,0,4
BRDA:151,21,0,19
BRDA:174,22,0,7
BRDA:176,23,0,1
BRDA:175,24,0,7
BRDA:209,25,0,4
BRDA:223,26,0,58
BRDA:224,27,0,58
BRDA:220,28,0,19
BRDA:222,29,0,6
BRDA:233,30,0,2
BRDA:238,31,0,2
BRDA:272,32,0,42
BRDA:278,33,0,42
BRDA:293,34,0,42
BRDA:264,35,0,4
BRDA:306,36,0,20
BRDA:304,37,0,2
BRDA:309,38,0,2
BRDA:325,39,0,4
BRF:40
BRH:38
end_of_record
TN:
SF:src/components/validation-form.js
FN:10,<static_initializer>
FN:111,ValidationForm
FN:127,validateForm
FN:176,handleInput
FN:195,handleSubmit
FN:206,dispatchEvent.CustomEvent.detail.formData
FN:227,render
FNF:7
FNH:7
FNDA:1,<static_initializer>
FNDA:17,ValidationForm
FNDA:15,validateForm
FNDA:4,handleInput
FNDA:6,handleSubmit
FNDA:2,dispatchEvent.CustomEvent.detail.formData
FNDA:35,render
DA:1,1
DA:2,1
DA:3,1
DA:4,1
DA:5,1
DA:6,1
DA:7,1
DA:8,1
DA:9,1
DA:10,1
DA:11,1
DA:12,1
DA:13,1
DA:14,1
DA:15,1
DA:16,1
DA:17,1
DA:18,1
DA:19,1
DA:20,1
DA:21,1
DA:22,1
DA:23,1
DA:24,1
DA:25,1
DA:26,1
DA:27,1
DA:28,1
DA:29,1
DA:30,1
DA:31,1
DA:32,1
DA:33,1
DA:34,1
DA:35,1
DA:36,1
DA:37,1
DA:38,1
DA:39,1
DA:40,1
DA:41,1
DA:42,1
DA:43,1
DA:44,1
DA:45,1
DA:46,1
DA:47,1
DA:48,1
DA:49,1
DA:50,1
DA:51,1
DA:52,1
DA:53,1
DA:54,1
DA:55,1
DA:56,1
DA:57,1
DA:58,1
DA:59,1
DA:60,1
DA:61,1
DA:62,1
DA:63,1
DA:64,1
DA:65,1
DA:66,1
DA:67,1
DA:68,1
DA:69,1
DA:70,1
DA:71,1
DA:72,1
DA:73,1
DA:74,1
DA:75,1
DA:76,1
DA:77,1
DA:78,1
DA:79,1
DA:80,1
DA:81,1
DA:82,1
DA:83,1
DA:84,1
DA:85,1
DA:86,1
DA:87,1
DA:88,1
DA:89,1
DA:90,1
DA:91,1
DA:92,1
DA:93,1
DA:94,1
DA:95,1
DA:96,1
DA:97,1
DA:98,1
DA:99,1
DA:100,1
DA:101,1
DA:102,1
DA:103,1
DA:104,1
DA:105,1
DA:106,1
DA:107,1
DA:108,1
DA:109,1
DA:110,1
DA:111,1
DA:112,17
DA:113,17
DA:114,17
DA:115,17
DA:116,17
DA:117,17
DA:118,17
DA:119,17
DA:120,17
DA:121,17
DA:122,1
DA:123,1
DA:124,1
DA:125,1
DA:126,1
DA:127,1
DA:128,15
DA:129,15
DA:130,15
DA:131,15
DA:132,15
DA:133,11
DA:134,11
DA:135,15
DA:136,1
DA:137,1
DA:138,1
DA:139,15
DA:140,15
DA:141,15
DA:142,15
DA:143,11
DA:144,11
DA:145,15
DA:146,1
DA:147,1
DA:148,1
DA:149,15
DA:150,15
DA:151,15
DA:152,11
DA:153,11
DA:154,15
DA:155,1
DA:156,1
DA:157,1
DA:158,15
DA:159,15
DA:160,15
DA:161,15
DA:162,13
DA:163,13
DA:164,13
DA:165,13
DA:166,13
DA:167,13
DA:168,15
DA:169,15
DA:170,15
DA:171,1
DA:172,1
DA:173,1
DA:174,1
DA:175,1
DA:176,1
DA:177,4
DA:178,4
DA:179,4
DA:180,4
DA:181,4
DA:182,4
DA:183,4
DA:184,4
DA:185,1
DA:186,1
DA:187,1
DA:188,1
DA:189,4
DA:190,1
DA:191,1
DA:192,1
DA:193,1
DA:194,1
DA:195,1
DA:196,6
DA:197,6
DA:198,6
DA:199,4
DA:200,4
DA:201,2
DA:202,2
DA:203,2
DA:204,2
DA:205,2
DA:206,2
DA:207,2
DA:208,2
DA:209,2
DA:210,2
DA:211,2
DA:212,2
DA:213,2
DA:214,2
DA:215,2
DA:216,2
DA:217,2
DA:218,2
DA:219,2
DA:220,2
DA:221,2
DA:222,2
DA:223,2
DA:224,2
DA:225,6
DA:226,1
DA:227,1
DA:228,35
DA:229,35
DA:230,35
DA:231,35
DA:232,35
DA:233,35
DA:234,35
DA:235,35
DA:236,35
DA:237,35
DA:238,35
DA:239,35
DA:240,35
DA:241,35
DA:242,35
DA:243,35
DA:244,35
DA:245,35
DA:246,35
DA:247,35
DA:248,35
DA:249,35
DA:250,35
DA:251,35
DA:252,35
DA:253,35
DA:254,35
DA:255,35
DA:256,35
DA:257,35
DA:258,35
DA:259,35
DA:260,35
DA:261,35
DA:262,35
DA:263,35
DA:264,35
DA:265,35
DA:266,35
DA:267,35
DA:268,35
DA:269,35
DA:270,35
DA:271,35
DA:272,35
DA:273,35
DA:274,35
DA:275,35
DA:276,35
DA:277,35
DA:278,35
DA:279,35
DA:280,35
DA:281,35
DA:282,35
DA:283,35
DA:284,35
DA:285,35
DA:286,35
DA:287,35
DA:288,35
DA:289,35
DA:290,35
DA:291,35
DA:292,35
DA:293,35
DA:294,35
DA:295,35
DA:296,35
DA:297,35
DA:298,31
DA:299,35
DA:300,35
DA:301,35
DA:302,35
DA:303,35
DA:304,35
DA:305,1
DA:306,1
DA:307,1
LF:307
LH:307
BRDA:1,0,0,1
BRDA:10,1,0,1
BRDA:111,2,0,17
BRDA:127,3,0,15
BRDA:132,4,0,11
BRDA:135,5,0,4
BRDA:135,6,0,4
BRDA:142,7,0,11
BRDA:145,8,0,4
BRDA:145,9,0,4
BRDA:151,10,0,11
BRDA:154,11,0,4
BRDA:154,12,0,4
BRDA:161,13,0,13
BRDA:176,14,0,4
BRDA:184,15,0,1
BRDA:195,16,0,6
BRDA:198,17,0,4
BRDA:201,18,0,2
BRDA:206,19,0,2
BRDA:227,20,0,35
BRDA:241,21,0,7
BRDA:241,22,0,28
BRDA:244,23,0,7
BRDA:244,24,0,28
BRDA:255,25,0,6
BRDA:255,26,0,29
BRDA:258,27,0,6
BRDA:258,28,0,29
BRDA:285,29,0,6
BRDA:285,30,0,29
BRDA:288,31,0,6
BRDA:288,32,0,29
BRDA:296,33,0,4
BRDA:297,34,0,31
BRF:35
BRH:35
end_of_record
